2015-10-05 21:34:45,177 INFO Running 1 steps with concurrence of 1...
2015-10-05 21:34:45,261 INFO 
2015-10-05 21:34:45,262 INFO --- 0. Running (missing output): /mnt/data/epa/import/icis/ <- /home/jzanzig/epa/import/icis/././download_icis_data.sh
2015-10-05 21:34:46,350 INFO Done (0 steps run).
2015-10-05 21:34:46,354 ERROR clojure.lang.ExceptionInfo: shell command failed with exit code 126 {:file "mkdir -p $OUTPUT\n$INPUT $OUTPUT\n", :msg "shell command failed with exit code 126", :cmd ("/bin/bash" ".drake/shell-7872a18a0e2a41c16c4843ea7707066e.bat"), :opts {:die true, :no-stdin nil, :err [#<PrintStream java.io.PrintStream@76b80f5c> #<BufferedWriter java.io.BufferedWriter@2df89de8>], :out [#<PrintStream java.io.PrintStream@1d4701ec> #<BufferedWriter java.io.BufferedWriter@20cf3bf8>]}, :exit-code 126}
	at clojure.core$ex_info.invoke(core.clj:4403)
	at drake.shell$shell.doInvoke(shell.clj:143)
	at clojure.lang.RestFn.applyTo(RestFn.java:137)
	at clojure.core$apply.invoke(core.clj:624)
	at drake.protocol$run_interpreter.invoke(protocol.clj:86)
	at drake.protocol_interpreters$register_interpreter_BANG_$reify__4637.run(protocol_interpreters.clj:13)
	at drake.core$run_step.invoke(core.clj:367)
	at drake.core$attempt_run_step.invoke(core.clj:479)
	at drake.core$function_for_step$fn__5045.invoke(core.clj:502)
	at drake.core$trigger_futures_helper$fn__5056.invoke(core.clj:540)
	at clojure.core$binding_conveyor_fn$fn__4145.invoke(core.clj:1910)
	at clojure.lang.AFn.call(AFn.java:18)
	at java.util.concurrent.FutureTask.run(FutureTask.java:262)
	at java.util.concurrent.ThreadPoolExecutor.runWorker(ThreadPoolExecutor.java:1145)
	at java.util.concurrent.ThreadPoolExecutor$Worker.run(ThreadPoolExecutor.java:615)
	at java.lang.Thread.run(Thread.java:745)

2015-10-05 21:36:46,736 INFO Running 1 steps with concurrence of 1...
2015-10-05 21:36:46,809 INFO 
2015-10-05 21:36:46,810 INFO --- 0. Running (missing output): /mnt/data/epa/import/icis/ <- /home/jzanzig/epa/import/icis/././download_icis_data.sh
2015-10-05 21:36:51,963 INFO --- 0: /mnt/data/epa/import/icis/ <- /home/jzanzig/epa/import/icis/././download_icis_data.sh -> done in 5.13s
2015-10-05 21:36:51,967 INFO Done (1 steps run).
2015-10-05 21:37:56,243 INFO Aborted.
2015-10-05 21:40:03,815 INFO Aborted.
2015-10-05 21:41:25,472 INFO Nothing to do.
